14:07:34.191 [main] INFO  - Goto my account-->Click on Login.. 
14:07:34.883 [main] INFO  - Entering email and password.. 
14:07:35.559 [main] INFO  - clicked on login button...
15:21:51.876 [main] INFO  - Goto my account-->Click on Login.. 
15:21:53.135 [main] INFO  - Entering email and password.. 
15:21:54.620 [main] INFO  - clicked on login button...
15:32:55.009 [main] INFO  - Goto my account-->Click on Login.. 
15:32:55.760 [main] INFO  - Entering email and password.. 
15:32:56.517 [main] INFO  - clicked on login button...
15:44:58.490 [main] INFO  - Goto my account-->Click on Login.. 
15:44:59.375 [main] INFO  - Entering email and password.. 
15:45:00.720 [main] INFO  - clicked on login button...
11:24:02.941 [pool-3-thread-1] INFO  - Goto my account-->Click on Login.. 
11:24:03.761 [pool-3-thread-1] INFO  - Entering email and password.. 
11:24:06.101 [pool-3-thread-1] INFO  - clicked on login button...
11:25:07.956 [main] INFO  - Goto my account-->Click on Login.. 
11:25:08.604 [main] INFO  - Entering email and password.. 
11:25:09.732 [main] INFO  - clicked on login button...
11:27:34.728 [main] INFO  - Goto my account-->Click on Login.. 
11:27:35.361 [main] INFO  - Entering email and password.. 
11:27:36.283 [main] INFO  - clicked on login button...
11:28:39.062 [pool-3-thread-1] INFO  - Goto my account-->Click on Login.. 
11:28:39.709 [pool-3-thread-1] INFO  - Entering email and password.. 
11:28:41.527 [pool-3-thread-1] INFO  - clicked on login button...
11:30:58.762 [main] INFO  - Goto my account-->Click on Login.. 
11:30:59.506 [main] INFO  - Entering email and password.. 
11:31:00.817 [main] INFO  - clicked on login button...
11:32:42.541 [main] INFO  - Goto my account-->Click on Login.. 
11:32:46.118 [main] INFO  - Entering email and password.. 
11:32:47.244 [main] INFO  - clicked on login button...
11:34:08.134 [main] INFO  - Goto my account-->Click on Login.. 
11:34:08.801 [main] INFO  - Entering email and password.. 
11:34:10.471 [main] INFO  - clicked on login button...
11:45:34.561 [main] INFO  - Goto my account-->Click on Login.. 
11:45:35.241 [main] INFO  - Entering email and password.. 
11:45:36.544 [main] INFO  - clicked on login button...
11:48:32.063 [main] INFO  - Goto my account-->Click on Login.. 
11:48:32.749 [main] INFO  - Entering email and password.. 
11:48:34.206 [main] INFO  - clicked on login button...
12:19:09.362 [main] INFO  - Goto my account-->Click on Login.. 
12:19:10.371 [main] INFO  - Entering email and password.. 
12:19:11.738 [main] INFO  - clicked on login button...
12:24:14.670 [main] INFO  - Goto my account-->Click on Login.. 
12:24:15.551 [main] INFO  - Entering email and password.. 
12:24:16.857 [main] INFO  - clicked on login button...
12:25:59.705 [main] INFO  - Goto my account-->Click on Login.. 
12:26:00.443 [main] INFO  - Entering email and password.. 
12:26:01.724 [main] INFO  - clicked on login button...
12:40:21.946 [main] INFO  - Goto my account-->Click on Login.. 
12:40:22.616 [main] INFO  - Entering email and password.. 
12:40:24.212 [main] INFO  - clicked on login button...
12:48:13.135 [main] INFO  - Goto my account-->Click on Login.. 
12:48:14.187 [main] INFO  - Entering email and password.. 
12:48:15.338 [main] INFO  - clicked on login button...
07:20:02.541 [main] INFO  - Goto my account-->Click on Login.. 
07:20:03.687 [main] INFO  - Entering email and password.. 
07:20:04.885 [main] INFO  - clicked on login button...
07:26:07.255 [main] INFO  - Goto my account-->Click on Login.. 
07:26:08.073 [main] INFO  - Entering email and password.. 
07:26:08.937 [main] INFO  - clicked on login button...
07:27:45.855 [main] INFO  - Goto my account-->Click on Login.. 
07:27:46.685 [main] INFO  - Entering email and password.. 
07:27:47.506 [main] INFO  - clicked on login button...
07:42:18.774 [main] INFO  - Goto my account-->Click on Login.. 
07:42:19.621 [main] INFO  - Entering email and password.. 
07:42:20.495 [main] INFO  - clicked on login button...
07:44:30.850 [main] INFO  - Goto my account-->Click on Login.. 
07:44:31.695 [main] INFO  - Entering email and password.. 
07:44:32.578 [main] INFO  - clicked on login button...
07:46:04.249 [main] INFO  - Goto my account-->Click on Login.. 
07:46:05.043 [main] INFO  - Entering email and password.. 
07:46:05.916 [main] INFO  - clicked on login button...
07:52:55.919 [main] INFO  - Goto my account-->Click on Login.. 
07:52:56.718 [main] INFO  - Entering email and password.. 
07:52:57.593 [main] INFO  - clicked on login button...
14:36:09.123 [main] INFO  - Goto my account-->Click on Login.. 
14:36:09.600 [main] INFO  - Entering email and password.. 
14:36:10.390 [main] INFO  - clicked on login button...
14:36:23.992 [main] INFO  - Goto my account-->Click on Login.. 
14:36:24.973 [main] INFO  - Entering email and password.. 
14:36:25.754 [main] INFO  - clicked on login button...
14:36:29.112 [main] INFO  - Goto my account-->Click on Login.. 
14:36:30.080 [main] INFO  - Entering email and password.. 
14:36:30.824 [main] INFO  - clicked on login button...
14:46:08.766 [main] INFO  - Goto my account-->Click on Login.. 
14:46:09.324 [main] INFO  - Entering email and password.. 
14:46:10.581 [main] INFO  - clicked on login button...
14:46:24.025 [main] INFO  - Goto my account-->Click on Login.. 
14:46:25.029 [main] INFO  - Entering email and password.. 
14:46:25.842 [main] INFO  - clicked on login button...
14:46:29.266 [main] INFO  - Goto my account-->Click on Login.. 
14:46:30.217 [main] INFO  - Entering email and password.. 
14:46:30.979 [main] INFO  - clicked on login button...
14:47:54.848 [main] INFO  - Goto my account-->Click on Login.. 
14:47:55.349 [main] INFO  - Entering email and password.. 
14:47:56.268 [main] INFO  - clicked on login button...
14:47:59.381 [main] INFO  - Goto my account-->Click on Login.. 
14:48:00.299 [main] INFO  - Entering email and password.. 
14:48:01.120 [main] INFO  - clicked on login button...
14:48:04.220 [main] INFO  - Goto my account-->Click on Login.. 
14:48:05.187 [main] INFO  - Entering email and password.. 
14:48:05.947 [main] INFO  - clicked on login button...
15:11:16.092 [main] INFO  - Goto my account-->Click on Login.. 
15:11:16.625 [main] INFO  - Entering email and password.. 
15:11:18.097 [main] INFO  - clicked on login button...
15:11:21.231 [main] INFO  - Goto my account-->Click on Login.. 
15:11:22.192 [main] INFO  - Entering email and password.. 
15:11:22.970 [main] INFO  - clicked on login button...
15:11:26.328 [main] INFO  - Goto my account-->Click on Login.. 
15:11:27.420 [main] INFO  - Entering email and password.. 
15:11:28.212 [main] INFO  - clicked on login button...
15:41:08.957 [main] INFO  - Goto my account-->Click on Login.. 
15:41:09.392 [main] INFO  - Entering email and password.. 
15:41:10.244 [main] INFO  - clicked on login button...
09:57:26.218 [main] INFO  - Goto my account-->Click on Login.. 
09:57:26.959 [main] INFO  - Entering email and password.. 
09:57:27.922 [main] INFO  - clicked on login button...
14:27:27.197 [main] INFO  - Goto my account-->Click on Login.. 
14:27:27.716 [main] INFO  - Entering email and password.. 
14:27:28.775 [main] INFO  - clicked on login button...
14:43:42.430 [main] INFO  - Goto my account-->Click on Login.. 
14:43:43.018 [main] INFO  - Entering email and password.. 
14:43:43.776 [main] INFO  - clicked on login button...
14:48:46.566 [main] INFO  - Goto my account-->Click on Login.. 
14:48:47.246 [main] INFO  - Entering email and password.. 
14:48:48.039 [main] INFO  - clicked on login button...
14:51:38.711 [main] INFO  - Goto my account-->Click on Login.. 
14:51:39.315 [main] INFO  - Entering email and password.. 
14:51:40.034 [main] INFO  - clicked on login button...
14:56:47.644 [main] INFO  - Goto my account-->Click on Login.. 
14:56:48.230 [main] INFO  - Entering email and password.. 
14:56:48.938 [main] INFO  - clicked on login button...
14:56:56.173 [main] INFO  - Goto my account-->Click on Login.. 
14:56:56.741 [main] INFO  - Entering email and password.. 
14:56:57.404 [main] INFO  - clicked on login button...
14:57:04.340 [main] INFO  - Goto my account-->Click on Login.. 
14:57:04.906 [main] INFO  - Entering email and password.. 
14:57:05.463 [main] INFO  - clicked on login button...
16:25:52.468 [main] INFO  - Goto my account-->Click on Login.. 
16:25:53.279 [main] DEBUG - Parsing relationship: /xl/_rels/workbook.xml.rels
16:25:53.282 [main] DEBUG - Parsing relationship: /xl/worksheets/_rels/sheet1.xml.rels
16:25:53.285 [main] DEBUG - Parsing relationship: /_rels/.rels
16:25:53.565 [main] TRACE - Loading type system org.apache.poi.schemas.ooxml.system.ooxml
16:25:53.574 [main] TRACE - Loading type system org.apache.xmlbeans.metadata.system.sXMLCONFIG
16:25:53.574 [main] TRACE - Loading type system org.apache.xmlbeans.metadata.system.sXMLLANG
16:25:53.575 [main] TRACE - Loading type system org.apache.xmlbeans.metadata.system.sXMLSCHEMA
16:25:53.576 [main] TRACE - Loading type system org.apache.xmlbeans.metadata.system.sXMLTOOLS
16:25:53.579 [main] TRACE - Reading unresolved handles for type system org.apache.xmlbeans.metadata.system.sXMLTOOLS
16:25:53.599 [main] TRACE - Finished loading type system org.apache.xmlbeans.metadata.system.sXMLTOOLS
16:25:53.601 [main] TRACE - Reading unresolved handles for type system org.apache.xmlbeans.metadata.system.sXMLSCHEMA
16:25:53.609 [main] TRACE - Finished loading type system org.apache.xmlbeans.metadata.system.sXMLSCHEMA
16:25:53.611 [main] TRACE - Reading unresolved handles for type system org.apache.xmlbeans.metadata.system.sXMLLANG
16:25:53.613 [main] TRACE - Finished loading type system org.apache.xmlbeans.metadata.system.sXMLLANG
16:25:53.615 [main] TRACE - Reading unresolved handles for type system org.apache.xmlbeans.metadata.system.sXMLCONFIG
16:25:53.616 [main] TRACE - Finished loading type system org.apache.xmlbeans.metadata.system.sXMLCONFIG
16:25:53.618 [main] TRACE - Reading unresolved handles for type system org.apache.poi.schemas.ooxml.system.ooxml
16:25:53.678 [main] TRACE - Finished loading type system org.apache.poi.schemas.ooxml.system.ooxml
16:25:53.680 [main] TRACE - Resolving type for handle themefd26doctype
16:25:53.774 [main] TRACE - Resolving type for handle stylesheet5d8bdoctype
16:25:53.784 [main] TRACE - Resolving type for handle ctstylesheet4257type
16:25:53.791 [main] TRACE - Resolving type for handle ctfonts6623type
16:25:53.797 [main] TRACE - Resolving type for handle ctfont14d8type
16:25:53.805 [main] TRACE - Resolving type for handle ctfills2c6ftype
16:25:53.808 [main] TRACE - Resolving type for handle ctfill550ctype
16:25:53.815 [main] TRACE - Resolving type for handle ctborders0d66type
16:25:53.819 [main] TRACE - Resolving type for handle ctborderf935type
16:25:53.823 [main] TRACE - Resolving type for handle ctcellxfs1322type
16:25:53.828 [main] TRACE - Resolving type for handle ctxf97f7type
16:25:53.832 [main] TRACE - Resolving type for handle ctcellstylexfsa81ftype
16:25:53.836 [main] TRACE - Resolving type for handle ctdxfsb26atype
16:25:53.840 [main] TRACE - Resolving type for handle cttablestyles872ftype
16:25:53.845 [main] TRACE - Resolving type for handle sstf81fdoctype
16:25:53.852 [main] TRACE - Resolving type for handle ctsst44f3type
16:25:53.868 [main] TRACE - Resolving type for handle ctrsta472type
16:25:53.891 [main] DEBUG - using default POIXMLDocumentPart for http://schemas.openxmlformats.org/officeDocument/2006/relationships/printerSettings
16:25:53.892 [main] TRACE - Resolving type for handle workbookec17doctype
16:25:53.898 [main] TRACE - Resolving type for handle ctworkbook83c3type
16:25:53.905 [main] TRACE - Resolving type for handle ctsheets49fdtype
16:25:53.908 [main] TRACE - Resolving type for handle ctsheet4dbetype
16:25:53.911 [main] TRACE - Resolving type for handle strelationshipid1e94type
16:25:53.915 [main] TRACE - Resolving type for handle worksheetf539doctype
16:25:53.924 [main] TRACE - Resolving type for handle ctworksheet530dtype
16:25:53.930 [main] TRACE - Resolving type for handle ctsheetdata8408type
16:25:53.933 [main] TRACE - Resolving type for handle ctrowdd39type
16:25:53.939 [main] TRACE - Resolving type for handle ctcell842btype
16:25:53.946 [main] TRACE - Resolving type for handle stcellrefe4e0type
16:25:53.956 [main] TRACE - Resolving type for handle ctcols627ctype
16:25:53.963 [main] TRACE - Resolving type for handle ctcola95ftype
16:25:53.987 [main] TRACE - Resolving type for handle cthyperlinks6416type
16:25:53.990 [main] TRACE - Resolving type for handle cthyperlink0c85type
16:25:54.001 [main] TRACE - Resolving type for handle stxstringf179type
16:25:54.005 [main] TRACE - Resolving type for handle stcelltypebf95type
16:26:02.216 [main] INFO  - Goto my account-->Click on Login.. 
16:26:02.841 [main] DEBUG - Parsing relationship: /xl/_rels/workbook.xml.rels
16:26:02.843 [main] DEBUG - Parsing relationship: /xl/worksheets/_rels/sheet1.xml.rels
16:26:02.846 [main] DEBUG - Parsing relationship: /_rels/.rels
16:26:02.876 [main] DEBUG - using default POIXMLDocumentPart for http://schemas.openxmlformats.org/officeDocument/2006/relationships/printerSettings
16:26:11.308 [main] INFO  - Goto my account-->Click on Login.. 
16:26:11.973 [main] DEBUG - Parsing relationship: /xl/_rels/workbook.xml.rels
16:26:11.975 [main] DEBUG - Parsing relationship: /xl/worksheets/_rels/sheet1.xml.rels
16:26:11.976 [main] DEBUG - Parsing relationship: /_rels/.rels
16:26:12.003 [main] DEBUG - using default POIXMLDocumentPart for http://schemas.openxmlformats.org/officeDocument/2006/relationships/printerSettings
16:35:06.412 [main] INFO  - Goto my account-->Click on Login.. 
16:35:07.811 [main] DEBUG - Parsing relationship: /xl/_rels/workbook.xml.rels
16:35:07.819 [main] DEBUG - Parsing relationship: /xl/worksheets/_rels/sheet1.xml.rels
16:35:07.826 [main] DEBUG - Parsing relationship: /_rels/.rels
16:35:08.395 [main] TRACE - Loading type system org.apache.poi.schemas.ooxml.system.ooxml
16:35:08.402 [main] TRACE - Loading type system org.apache.xmlbeans.metadata.system.sXMLCONFIG
16:35:08.403 [main] TRACE - Loading type system org.apache.xmlbeans.metadata.system.sXMLLANG
16:35:08.404 [main] TRACE - Loading type system org.apache.xmlbeans.metadata.system.sXMLSCHEMA
16:35:08.406 [main] TRACE - Loading type system org.apache.xmlbeans.metadata.system.sXMLTOOLS
16:35:08.412 [main] TRACE - Reading unresolved handles for type system org.apache.xmlbeans.metadata.system.sXMLTOOLS
16:35:08.441 [main] TRACE - Finished loading type system org.apache.xmlbeans.metadata.system.sXMLTOOLS
16:35:08.444 [main] TRACE - Reading unresolved handles for type system org.apache.xmlbeans.metadata.system.sXMLSCHEMA
16:35:08.453 [main] TRACE - Finished loading type system org.apache.xmlbeans.metadata.system.sXMLSCHEMA
16:35:08.457 [main] TRACE - Reading unresolved handles for type system org.apache.xmlbeans.metadata.system.sXMLLANG
16:35:08.459 [main] TRACE - Finished loading type system org.apache.xmlbeans.metadata.system.sXMLLANG
16:35:08.462 [main] TRACE - Reading unresolved handles for type system org.apache.xmlbeans.metadata.system.sXMLCONFIG
16:35:08.464 [main] TRACE - Finished loading type system org.apache.xmlbeans.metadata.system.sXMLCONFIG
16:35:08.466 [main] TRACE - Reading unresolved handles for type system org.apache.poi.schemas.ooxml.system.ooxml
16:35:08.547 [main] TRACE - Finished loading type system org.apache.poi.schemas.ooxml.system.ooxml
16:35:08.549 [main] TRACE - Resolving type for handle themefd26doctype
16:35:08.671 [main] TRACE - Resolving type for handle stylesheet5d8bdoctype
16:35:08.682 [main] TRACE - Resolving type for handle ctstylesheet4257type
16:35:08.690 [main] TRACE - Resolving type for handle ctfonts6623type
16:35:08.698 [main] TRACE - Resolving type for handle ctfont14d8type
16:35:08.707 [main] TRACE - Resolving type for handle ctfills2c6ftype
16:35:08.711 [main] TRACE - Resolving type for handle ctfill550ctype
16:35:08.715 [main] TRACE - Resolving type for handle ctborders0d66type
16:35:08.719 [main] TRACE - Resolving type for handle ctborderf935type
16:35:08.724 [main] TRACE - Resolving type for handle ctcellxfs1322type
16:35:08.729 [main] TRACE - Resolving type for handle ctxf97f7type
16:35:08.733 [main] TRACE - Resolving type for handle ctcellstylexfsa81ftype
16:35:08.737 [main] TRACE - Resolving type for handle ctdxfsb26atype
16:35:08.741 [main] TRACE - Resolving type for handle cttablestyles872ftype
16:35:08.746 [main] TRACE - Resolving type for handle sstf81fdoctype
16:35:08.753 [main] TRACE - Resolving type for handle ctsst44f3type
16:35:08.769 [main] TRACE - Resolving type for handle ctrsta472type
16:35:08.795 [main] DEBUG - using default POIXMLDocumentPart for http://schemas.openxmlformats.org/officeDocument/2006/relationships/printerSettings
16:35:08.797 [main] TRACE - Resolving type for handle workbookec17doctype
16:35:08.803 [main] TRACE - Resolving type for handle ctworkbook83c3type
16:35:08.811 [main] TRACE - Resolving type for handle ctsheets49fdtype
16:35:08.814 [main] TRACE - Resolving type for handle ctsheet4dbetype
16:35:08.818 [main] TRACE - Resolving type for handle strelationshipid1e94type
16:35:08.823 [main] TRACE - Resolving type for handle worksheetf539doctype
16:35:08.834 [main] TRACE - Resolving type for handle ctworksheet530dtype
16:35:08.843 [main] TRACE - Resolving type for handle ctsheetdata8408type
16:35:08.847 [main] TRACE - Resolving type for handle ctrowdd39type
16:35:08.854 [main] TRACE - Resolving type for handle ctcell842btype
16:35:08.864 [main] TRACE - Resolving type for handle stcellrefe4e0type
16:35:08.876 [main] TRACE - Resolving type for handle ctcols627ctype
16:35:08.882 [main] TRACE - Resolving type for handle ctcola95ftype
16:35:08.904 [main] TRACE - Resolving type for handle cthyperlinks6416type
16:35:08.909 [main] TRACE - Resolving type for handle cthyperlink0c85type
16:35:08.921 [main] TRACE - Resolving type for handle stxstringf179type
16:35:08.926 [main] TRACE - Resolving type for handle stcelltypebf95type
16:35:21.444 [main] INFO  - Goto my account-->Click on Login.. 
16:35:22.343 [main] DEBUG - Parsing relationship: /xl/_rels/workbook.xml.rels
16:35:22.349 [main] DEBUG - Parsing relationship: /xl/worksheets/_rels/sheet1.xml.rels
16:35:22.353 [main] DEBUG - Parsing relationship: /_rels/.rels
16:35:22.412 [main] DEBUG - using default POIXMLDocumentPart for http://schemas.openxmlformats.org/officeDocument/2006/relationships/printerSettings
16:35:34.462 [main] INFO  - Goto my account-->Click on Login.. 
16:35:35.295 [main] DEBUG - Parsing relationship: /xl/_rels/workbook.xml.rels
16:35:35.299 [main] DEBUG - Parsing relationship: /xl/worksheets/_rels/sheet1.xml.rels
16:35:35.303 [main] DEBUG - Parsing relationship: /_rels/.rels
16:35:35.339 [main] DEBUG - using default POIXMLDocumentPart for http://schemas.openxmlformats.org/officeDocument/2006/relationships/printerSettings
16:35:47.775 [main] INFO  - Goto my account-->Click on Login.. 
16:35:48.630 [main] DEBUG - Parsing relationship: /xl/_rels/workbook.xml.rels
16:35:48.634 [main] DEBUG - Parsing relationship: /xl/worksheets/_rels/sheet1.xml.rels
16:35:48.637 [main] DEBUG - Parsing relationship: /_rels/.rels
16:35:48.664 [main] DEBUG - using default POIXMLDocumentPart for http://schemas.openxmlformats.org/officeDocument/2006/relationships/printerSettings
16:36:09.727 [main] INFO  - Goto my account-->Click on Login.. 
16:36:10.535 [main] DEBUG - Parsing relationship: /xl/_rels/workbook.xml.rels
16:36:10.540 [main] DEBUG - Parsing relationship: /xl/worksheets/_rels/sheet1.xml.rels
16:36:10.543 [main] DEBUG - Parsing relationship: /_rels/.rels
16:36:10.570 [main] DEBUG - using default POIXMLDocumentPart for http://schemas.openxmlformats.org/officeDocument/2006/relationships/printerSettings
17:00:27.817 [main] INFO  - Goto my account-->Click on Login.. 
17:00:28.735 [main] INFO  - Entering email and password.. 
17:00:29.975 [main] INFO  - clicked on login button...
17:00:41.358 [main] INFO  - Goto my account-->Click on Login.. 
17:00:42.502 [main] INFO  - Entering email and password.. 
17:00:44.122 [main] INFO  - clicked on login button...
17:00:56.004 [main] INFO  - Goto my account-->Click on Login.. 
17:00:56.834 [main] INFO  - Entering email and password.. 
17:00:57.715 [main] INFO  - clicked on login button...
17:01:18.551 [main] INFO  - Goto my account-->Click on Login.. 
17:01:19.617 [main] DEBUG - Parsing relationship: /xl/_rels/workbook.xml.rels
17:01:19.622 [main] DEBUG - Parsing relationship: /xl/worksheets/_rels/sheet1.xml.rels
17:01:19.626 [main] DEBUG - Parsing relationship: /_rels/.rels
17:01:20.150 [main] TRACE - Loading type system org.apache.poi.schemas.ooxml.system.ooxml
17:01:20.157 [main] TRACE - Loading type system org.apache.xmlbeans.metadata.system.sXMLCONFIG
17:01:20.158 [main] TRACE - Loading type system org.apache.xmlbeans.metadata.system.sXMLLANG
17:01:20.161 [main] TRACE - Loading type system org.apache.xmlbeans.metadata.system.sXMLSCHEMA
17:01:20.162 [main] TRACE - Loading type system org.apache.xmlbeans.metadata.system.sXMLTOOLS
17:01:20.165 [main] TRACE - Reading unresolved handles for type system org.apache.xmlbeans.metadata.system.sXMLTOOLS
17:01:20.198 [main] TRACE - Finished loading type system org.apache.xmlbeans.metadata.system.sXMLTOOLS
17:01:20.201 [main] TRACE - Reading unresolved handles for type system org.apache.xmlbeans.metadata.system.sXMLSCHEMA
17:01:20.211 [main] TRACE - Finished loading type system org.apache.xmlbeans.metadata.system.sXMLSCHEMA
17:01:20.214 [main] TRACE - Reading unresolved handles for type system org.apache.xmlbeans.metadata.system.sXMLLANG
17:01:20.216 [main] TRACE - Finished loading type system org.apache.xmlbeans.metadata.system.sXMLLANG
17:01:20.218 [main] TRACE - Reading unresolved handles for type system org.apache.xmlbeans.metadata.system.sXMLCONFIG
17:01:20.221 [main] TRACE - Finished loading type system org.apache.xmlbeans.metadata.system.sXMLCONFIG
17:01:20.223 [main] TRACE - Reading unresolved handles for type system org.apache.poi.schemas.ooxml.system.ooxml
17:01:20.370 [main] TRACE - Finished loading type system org.apache.poi.schemas.ooxml.system.ooxml
17:01:20.373 [main] TRACE - Resolving type for handle themefd26doctype
17:01:20.572 [main] TRACE - Resolving type for handle stylesheet5d8bdoctype
17:01:20.584 [main] TRACE - Resolving type for handle ctstylesheet4257type
17:01:20.597 [main] TRACE - Resolving type for handle ctfonts6623type
17:01:20.606 [main] TRACE - Resolving type for handle ctfont14d8type
17:01:20.616 [main] TRACE - Resolving type for handle ctfills2c6ftype
17:01:20.622 [main] TRACE - Resolving type for handle ctfill550ctype
17:01:20.628 [main] TRACE - Resolving type for handle ctborders0d66type
17:01:20.636 [main] TRACE - Resolving type for handle ctborderf935type
17:01:20.643 [main] TRACE - Resolving type for handle ctcellxfs1322type
17:01:20.650 [main] TRACE - Resolving type for handle ctxf97f7type
17:01:20.657 [main] TRACE - Resolving type for handle ctcellstylexfsa81ftype
17:01:20.663 [main] TRACE - Resolving type for handle ctdxfsb26atype
17:01:20.670 [main] TRACE - Resolving type for handle cttablestyles872ftype
17:01:20.680 [main] TRACE - Resolving type for handle sstf81fdoctype
17:01:20.690 [main] TRACE - Resolving type for handle ctsst44f3type
17:01:20.718 [main] TRACE - Resolving type for handle ctrsta472type
17:01:20.759 [main] DEBUG - using default POIXMLDocumentPart for http://schemas.openxmlformats.org/officeDocument/2006/relationships/printerSettings
17:01:20.762 [main] TRACE - Resolving type for handle workbookec17doctype
17:01:20.772 [main] TRACE - Resolving type for handle ctworkbook83c3type
17:01:20.784 [main] TRACE - Resolving type for handle ctsheets49fdtype
17:01:20.791 [main] TRACE - Resolving type for handle ctsheet4dbetype
17:01:20.798 [main] TRACE - Resolving type for handle strelationshipid1e94type
17:01:20.808 [main] TRACE - Resolving type for handle worksheetf539doctype
17:01:20.823 [main] TRACE - Resolving type for handle ctworksheet530dtype
17:01:20.837 [main] TRACE - Resolving type for handle ctsheetdata8408type
17:01:20.846 [main] TRACE - Resolving type for handle ctrowdd39type
17:01:20.858 [main] TRACE - Resolving type for handle ctcell842btype
17:01:20.877 [main] TRACE - Resolving type for handle stcellrefe4e0type
17:01:20.902 [main] TRACE - Resolving type for handle ctcols627ctype
17:01:20.916 [main] TRACE - Resolving type for handle ctcola95ftype
17:01:20.954 [main] TRACE - Resolving type for handle cthyperlinks6416type
17:01:20.962 [main] TRACE - Resolving type for handle cthyperlink0c85type
17:01:20.988 [main] TRACE - Resolving type for handle stxstringf179type
17:01:21.002 [main] TRACE - Resolving type for handle stcelltypebf95type
17:01:33.995 [main] INFO  - Goto my account-->Click on Login.. 
17:01:34.821 [main] DEBUG - Parsing relationship: /xl/_rels/workbook.xml.rels
17:01:34.825 [main] DEBUG - Parsing relationship: /xl/worksheets/_rels/sheet1.xml.rels
17:01:34.829 [main] DEBUG - Parsing relationship: /_rels/.rels
17:01:34.867 [main] DEBUG - using default POIXMLDocumentPart for http://schemas.openxmlformats.org/officeDocument/2006/relationships/printerSettings
17:01:47.318 [main] INFO  - Goto my account-->Click on Login.. 
17:01:48.224 [main] DEBUG - Parsing relationship: /xl/_rels/workbook.xml.rels
17:01:48.227 [main] DEBUG - Parsing relationship: /xl/worksheets/_rels/sheet1.xml.rels
17:01:48.229 [main] DEBUG - Parsing relationship: /_rels/.rels
17:01:48.256 [main] DEBUG - using default POIXMLDocumentPart for http://schemas.openxmlformats.org/officeDocument/2006/relationships/printerSettings
17:01:59.968 [main] INFO  - Goto my account-->Click on Login.. 
17:02:00.746 [main] DEBUG - Parsing relationship: /xl/_rels/workbook.xml.rels
17:02:00.752 [main] DEBUG - Parsing relationship: /xl/worksheets/_rels/sheet1.xml.rels
17:02:00.756 [main] DEBUG - Parsing relationship: /_rels/.rels
17:02:00.784 [main] DEBUG - using default POIXMLDocumentPart for http://schemas.openxmlformats.org/officeDocument/2006/relationships/printerSettings
17:02:21.940 [main] INFO  - Goto my account-->Click on Login.. 
17:02:22.843 [main] DEBUG - Parsing relationship: /xl/_rels/workbook.xml.rels
17:02:22.850 [main] DEBUG - Parsing relationship: /xl/worksheets/_rels/sheet1.xml.rels
17:02:22.853 [main] DEBUG - Parsing relationship: /_rels/.rels
17:02:22.884 [main] DEBUG - using default POIXMLDocumentPart for http://schemas.openxmlformats.org/officeDocument/2006/relationships/printerSettings
17:14:56.380 [main] INFO  - Goto my account-->Click on Login.. 
17:14:57.239 [main] INFO  - Entering email and password.. 
17:14:58.462 [main] INFO  - clicked on login button...
17:15:09.449 [main] INFO  - Goto my account-->Click on Login.. 
17:15:10.226 [main] INFO  - Entering email and password.. 
17:15:11.241 [main] INFO  - clicked on login button...
17:15:21.775 [main] INFO  - Goto my account-->Click on Login.. 
17:15:22.696 [main] INFO  - Entering email and password.. 
17:15:23.507 [main] INFO  - clicked on login button...
